2024/04/16 22:11:25 - mmengine - INFO - 
------------------------------------------------------------
System environment:
    sys.platform: linux
    Python: 3.8.8 (default, Apr 13 2021, 19:58:26) [GCC 7.3.0]
    CUDA available: True
    MUSA available: False
    numpy_random_seed: 257369589
    GPU 0: NVIDIA A40
    CUDA_HOME: /usr/local/cuda-11.7
    NVCC: Cuda compilation tools, release 11.7, V11.7.64
    GCC: gcc (Ubuntu 11.4.0-1ubuntu1~22.04) 11.4.0
    PyTorch: 2.0.1
    PyTorch compiling details: PyTorch built with:
  - GCC 9.3
  - C++ Version: 201703
  - Intel(R) oneAPI Math Kernel Library Version 2021.4-Product Build 20210904 for Intel(R) 64 architecture applications
  - Intel(R) MKL-DNN v2.7.3 (Git Hash 6dbeffbae1f23cbbeae17adb7b5b13f1f37c080e)
  - OpenMP 201511 (a.k.a. OpenMP 4.5)
  - LAPACK is enabled (usually provided by MKL)
  - NNPACK is enabled
  - CPU capability usage: AVX2
  - CUDA Runtime 11.7
  - NVCC architecture flags: -gencode;arch=compute_37,code=sm_37;-gencode;arch=compute_50,code=sm_50;-gencode;arch=compute_60,code=sm_60;-gencode;arch=compute_61,code=sm_61;-gencode;arch=compute_70,code=sm_70;-gencode;arch=compute_75,code=sm_75;-gencode;arch=compute_80,code=sm_80;-gencode;arch=compute_86,code=sm_86;-gencode;arch=compute_37,code=compute_37
  - CuDNN 8.5
  - Magma 2.6.1
  - Build settings: BLAS_INFO=mkl, BUILD_TYPE=Release, CUDA_VERSION=11.7, CUDNN_VERSION=8.5.0, CXX_COMPILER=/opt/rh/devtoolset-9/root/usr/bin/c++, CXX_FLAGS= -D_GLIBCXX_USE_CXX11_ABI=0 -fabi-version=11 -Wno-deprecated -fvisibility-inlines-hidden -DUSE_PTHREADPOOL -DNDEBUG -DUSE_KINETO -DLIBKINETO_NOROCTRACER -DUSE_FBGEMM -DUSE_QNNPACK -DUSE_PYTORCH_QNNPACK -DUSE_XNNPACK -DSYMBOLICATE_MOBILE_DEBUG_HANDLE -O2 -fPIC -Wall -Wextra -Werror=return-type -Werror=non-virtual-dtor -Werror=bool-operation -Wnarrowing -Wno-missing-field-initializers -Wno-type-limits -Wno-array-bounds -Wno-unknown-pragmas -Wunused-local-typedefs -Wno-unused-parameter -Wno-unused-function -Wno-unused-result -Wno-strict-overflow -Wno-strict-aliasing -Wno-error=deprecated-declarations -Wno-stringop-overflow -Wno-psabi -Wno-error=pedantic -Wno-error=redundant-decls -Wno-error=old-style-cast -fdiagnostics-color=always -faligned-new -Wno-unused-but-set-variable -Wno-maybe-uninitialized -fno-math-errno -fno-trapping-math -Werror=format -Werror=cast-function-type -Wno-stringop-overflow, LAPACK_INFO=mkl, PERF_WITH_AVX=1, PERF_WITH_AVX2=1, PERF_WITH_AVX512=1, TORCH_DISABLE_GPU_ASSERTS=ON, TORCH_VERSION=2.0.1, USE_CUDA=ON, USE_CUDNN=ON, USE_EXCEPTION_PTR=1, USE_GFLAGS=OFF, USE_GLOG=OFF, USE_MKL=ON, USE_MKLDNN=ON, USE_MPI=OFF, USE_NCCL=ON, USE_NNPACK=ON, USE_OPENMP=ON, USE_ROCM=OFF, 

    TorchVision: 0.15.2
    OpenCV: 4.9.0
    MMEngine: 0.10.3

Runtime environment:
    cudnn_benchmark: True
    dist_cfg: {'backend': 'nccl'}
    mp_cfg: {'mp_start_method': 'fork', 'opencv_num_threads': 0}
    seed: 257369589
    Distributed launcher: none
    Distributed training: False
    GPU number: 1
------------------------------------------------------------

2024/04/16 22:11:25 - mmengine - INFO - Config:
backbone_norm_cfg = dict(requires_grad=True, type='LN')
checkpoint_file = 'pretrained/swin/swin_tiny_patch4_window7_224_20220317-1cdeb081.pth'
crop_size = (
    256,
    256,
)
data_preprocessor = dict(
    mean=[
        123.675,
        116.28,
        103.53,
        123.675,
        116.28,
        103.53,
    ],
    size=(
        256,
        256,
    ),
    std=[
        58.395,
        57.12,
        57.375,
        58.395,
        57.12,
        57.375,
    ],
    type='SegDataPreProcessor')
data_root = '/home/bubai/Data/CDD/CDD256256CLIP'
dataset_type = 'TXTCDDatasetJSON'
default_hooks = dict(
    checkpoint=dict(
        by_epoch=False, interval=4000, save_best='mIoU',
        type='CheckpointHook'),
    logger=dict(interval=10, log_metric_by_epoch=False, type='LoggerHook'),
    param_scheduler=dict(type='ParamSchedulerHook'),
    sampler_seed=dict(type='DistSamplerSeedHook'),
    timer=dict(type='IterTimerHook'),
    visualization=dict(draw=True, type='SegVisualizationHook'))
default_scope = 'mmseg'
env_cfg = dict(
    cudnn_benchmark=True,
    dist_cfg=dict(backend='nccl'),
    mp_cfg=dict(mp_start_method='fork', opencv_num_threads=0))
find_unused_parameters = True
launcher = 'none'
load_from = 'work_dirs/clipformer_opt_sub_cwal_rn50json_cdd_40k/best_mIoU_iter_40000.pth'
log_level = 'INFO'
log_processor = dict(by_epoch=False)
metainfo = dict(
    classes=(
        'background',
        'building',
    ),
    palette=[
        [
            0,
            0,
            0,
        ],
        [
            255,
            255,
            255,
        ],
    ])
model = dict(
    backbone=dict(
        act_cfg=dict(type='GELU'),
        attn_drop_rate=0.0,
        depths=[
            2,
            2,
            6,
            2,
        ],
        drop_path_rate=0.3,
        drop_rate=0.0,
        embed_dims=96,
        init_cfg=dict(
            checkpoint=
            'pretrained/swin/swin_tiny_patch4_window7_224_20220317-1cdeb081.pth',
            type='Pretrained'),
        input_resolution=512,
        layers=[
            3,
            4,
            6,
            3,
        ],
        mlp_ratio=4,
        norm_cfg=dict(requires_grad=True, type='LN'),
        num_heads=[
            3,
            6,
            12,
            24,
        ],
        out_indices=(
            0,
            1,
            2,
            3,
        ),
        output_dim=1024,
        patch_norm=True,
        patch_size=4,
        pretrain_img_size=224,
        qk_scale=None,
        qkv_bias=True,
        strides=(
            4,
            2,
            2,
            2,
        ),
        style='pytorch',
        type='CLIPSwinWithAttention',
        use_abs_pos_embed=False,
        window_size=7),
    context_decoder=dict(
        context_length=16,
        dropout=0.1,
        outdim=512,
        style='pytorch',
        transformer_heads=4,
        transformer_layers=3,
        transformer_width=256,
        type='ContextDecoder',
        visual_dim=512),
    context_length=64,
    decode_head=dict(
        align_corners=False,
        channels=256,
        depth=1,
        dim=256,
        dropout_ratio=0.1,
        embed_dim=256,
        in_channels=[
            256,
            256,
            256,
            256,
        ],
        in_index=[
            0,
            1,
            2,
            3,
        ],
        input_transform='multiple_select',
        loss_decode=dict(
            loss_weight=1.0, type='CrossEntropyLoss', use_sigmoid=False),
        norm_cfg=dict(requires_grad=True, type='BN'),
        num_classes=2,
        num_heads=8,
        patches_resolution=128,
        split_size=4,
        text_dim=512,
        type='CSwinTextDecode'),
    minus_channel=[
        96,
        192,
        384,
        770,
    ],
    neck=dict(
        in_channels=[
            192,
            384,
            768,
            1540,
        ],
        num_outs=4,
        out_channels=256,
        type='FPN'),
    pretrained='pretrained/ViT-B-16.pt',
    test_cfg=dict(mode='whole'),
    text_dim=512,
    text_encoder=dict(
        context_length=77,
        embed_dim=512,
        style='pytorch',
        transformer_heads=8,
        transformer_layers=12,
        transformer_width=512,
        type='CLIPTextContextEncoder'),
    text_head=False,
    train_cfg=dict(),
    type='ChangeCLIP')
norm_cfg = dict(requires_grad=True, type='BN')
optim_wrapper = dict(
    optimizer=dict(
        betas=(
            0.9,
            0.999,
        ), lr=0.0001, type='AdamW', weight_decay=0.01),
    paramwise_cfg=dict(
        custom_keys=dict(
            absolute_pos_embed=dict(decay_mult=0.0),
            norm=dict(decay_mult=0.0),
            relative_position_bias_table=dict(decay_mult=0.0))),
    type='OptimWrapper')
optimizer = dict(lr=0.01, momentum=0.9, type='SGD', weight_decay=0.0005)
param_scheduler = [
    dict(
        begin=0, by_epoch=False, end=1500, start_factor=1e-06,
        type='LinearLR'),
    dict(
        begin=1500,
        by_epoch=False,
        end=40000,
        eta_min=0.0,
        power=1.0,
        type='PolyLR'),
]
resume = False
test_cfg = dict(type='TestLoop')
test_dataloader = dict(
    batch_size=1,
    dataset=dict(
        ann_file='test.txt',
        data_prefix=dict(
            img_path='test/A', img_path2='test/B', seg_map_path='test/label'),
        data_root='/home/bubai/Data/CDD/CDD256256CLIP',
        metainfo=dict(
            classes=(
                'background',
                'building',
            ),
            palette=[
                [
                    0,
                    0,
                    0,
                ],
                [
                    255,
                    255,
                    255,
                ],
            ]),
        pipeline=[
            dict(type='LoadMultipleRSImageFromFile'),
            dict(type='LoadAnnotations'),
            dict(type='ConcatCDInput'),
            dict(type='PackCDInputs'),
        ],
        type='TXTCDDatasetJSON'),
    num_workers=4,
    persistent_workers=True,
    sampler=dict(shuffle=False, type='DefaultSampler'))
test_evaluator = dict(
    iou_metrics=[
        'mIoU',
        'mDice',
        'mFscore',
    ],
    keep_results=True,
    output_dir='out_infer/clipformer_opt_sub_cwal_rn50json_cdd_40k.py',
    type='IoUMetric')
test_pipeline = [
    dict(type='LoadMultipleRSImageFromFile'),
    dict(type='LoadAnnotations'),
    dict(type='ConcatCDInput'),
    dict(type='PackCDInputs'),
]
train_cfg = dict(max_iters=40000, type='IterBasedTrainLoop', val_interval=4000)
train_dataloader = dict(
    batch_size=16,
    dataset=dict(
        ann_file='train.txt',
        data_prefix=dict(
            img_path='train/A',
            img_path2='train/B',
            seg_map_path='train/label'),
        data_root='/home/bubai/Data/CDD/CDD256256CLIP',
        metainfo=dict(
            classes=(
                'background',
                'building',
            ),
            palette=[
                [
                    0,
                    0,
                    0,
                ],
                [
                    255,
                    255,
                    255,
                ],
            ]),
        pipeline=[
            dict(type='LoadMultipleRSImageFromFile'),
            dict(type='LoadAnnotations'),
            dict(degree=180, prob=0.5, type='MultiImgRandomRotate'),
            dict(
                cat_max_ratio=0.75,
                crop_size=(
                    256,
                    256,
                ),
                type='MultiImgRandomCrop'),
            dict(direction='horizontal', prob=0.5, type='MultiImgRandomFlip'),
            dict(direction='vertical', prob=0.5, type='MultiImgRandomFlip'),
            dict(
                brightness_delta=10,
                contrast_range=(
                    0.8,
                    1.2,
                ),
                hue_delta=10,
                saturation_range=(
                    0.8,
                    1.2,
                ),
                type='MultiImgPhotoMetricDistortion'),
            dict(type='ConcatCDInput'),
            dict(type='PackCDInputs'),
        ],
        type='TXTCDDatasetJSON'),
    num_workers=4,
    persistent_workers=True,
    sampler=dict(shuffle=True, type='InfiniteSampler'))
train_pipeline = [
    dict(type='LoadMultipleRSImageFromFile'),
    dict(type='LoadAnnotations'),
    dict(degree=180, prob=0.5, type='MultiImgRandomRotate'),
    dict(
        cat_max_ratio=0.75, crop_size=(
            256,
            256,
        ), type='MultiImgRandomCrop'),
    dict(direction='horizontal', prob=0.5, type='MultiImgRandomFlip'),
    dict(direction='vertical', prob=0.5, type='MultiImgRandomFlip'),
    dict(
        brightness_delta=10,
        contrast_range=(
            0.8,
            1.2,
        ),
        hue_delta=10,
        saturation_range=(
            0.8,
            1.2,
        ),
        type='MultiImgPhotoMetricDistortion'),
    dict(type='ConcatCDInput'),
    dict(type='PackCDInputs'),
]
tta_model = dict(type='SegTTAModel')
tta_pipeline = [
    dict(type='LoadMultipleRSImageFromFile'),
    dict(
        transforms=[
            [
                dict(type='LoadAnnotations'),
            ],
            [
                dict(type='ConcatCDInput'),
            ],
            [
                dict(type='PackCDInputs'),
            ],
        ],
        type='TestTimeAug'),
]
val_cfg = dict(type='ValLoop')
val_dataloader = dict(
    batch_size=1,
    dataset=dict(
        ann_file='val.txt',
        data_prefix=dict(
            img_path='test/A', img_path2='test/B', seg_map_path='test/label'),
        data_root='/home/bubai/Data/CDD/CDD256256CLIP',
        metainfo=dict(
            classes=(
                'background',
                'building',
            ),
            palette=[
                [
                    0,
                    0,
                    0,
                ],
                [
                    255,
                    255,
                    255,
                ],
            ]),
        pipeline=[
            dict(type='LoadMultipleRSImageFromFile'),
            dict(type='LoadAnnotations'),
            dict(type='ConcatCDInput'),
            dict(type='PackCDInputs'),
        ],
        type='TXTCDDatasetJSON'),
    num_workers=4,
    persistent_workers=True,
    sampler=dict(shuffle=False, type='DefaultSampler'))
val_evaluator = dict(
    iou_metrics=[
        'mIoU',
        'mDice',
        'mFscore',
    ], type='IoUMetric')
vis_backends = [
    dict(type='LocalVisBackend'),
]
visualizer = dict(
    name='visualizer',
    save_dir='out_infer/clipformer_opt_sub_cwal_rn50json_cdd_40k.py',
    type='SegLocalVisualizer',
    vis_backends=[
        dict(type='LocalVisBackend'),
    ])
work_dir = 'out_infer/clipformer_opt_sub_cwal_rn50json_cdd_40k.py'

2024/04/16 22:11:30 - mmengine - INFO - Distributed training is not used, all SyncBatchNorm (SyncBN) layers in the model will be automatically reverted to BatchNormXd layers if they are used.
2024/04/16 22:11:30 - mmengine - INFO - Hooks will be executed in the following order:
before_run:
(VERY_HIGH   ) RuntimeInfoHook                    
(BELOW_NORMAL) LoggerHook                         
 -------------------- 
before_train:
(VERY_HIGH   ) RuntimeInfoHook                    
(NORMAL      ) IterTimerHook                      
(VERY_LOW    ) CheckpointHook                     
 -------------------- 
before_train_epoch:
(VERY_HIGH   ) RuntimeInfoHook                    
(NORMAL      ) IterTimerHook                      
(NORMAL      ) DistSamplerSeedHook                
 -------------------- 
before_train_iter:
(VERY_HIGH   ) RuntimeInfoHook                    
(NORMAL      ) IterTimerHook                      
 -------------------- 
after_train_iter:
(VERY_HIGH   ) RuntimeInfoHook                    
(NORMAL      ) IterTimerHook                      
(NORMAL      ) SegVisualizationHook               
(BELOW_NORMAL) LoggerHook                         
(LOW         ) ParamSchedulerHook                 
(VERY_LOW    ) CheckpointHook                     
 -------------------- 
after_train_epoch:
(NORMAL      ) IterTimerHook                      
(LOW         ) ParamSchedulerHook                 
(VERY_LOW    ) CheckpointHook                     
 -------------------- 
before_val:
(VERY_HIGH   ) RuntimeInfoHook                    
 -------------------- 
before_val_epoch:
(NORMAL      ) IterTimerHook                      
 -------------------- 
before_val_iter:
(NORMAL      ) IterTimerHook                      
 -------------------- 
after_val_iter:
(NORMAL      ) IterTimerHook                      
(NORMAL      ) SegVisualizationHook               
(BELOW_NORMAL) LoggerHook                         
 -------------------- 
after_val_epoch:
(VERY_HIGH   ) RuntimeInfoHook                    
(NORMAL      ) IterTimerHook                      
(BELOW_NORMAL) LoggerHook                         
(LOW         ) ParamSchedulerHook                 
(VERY_LOW    ) CheckpointHook                     
 -------------------- 
after_val:
(VERY_HIGH   ) RuntimeInfoHook                    
 -------------------- 
after_train:
(VERY_HIGH   ) RuntimeInfoHook                    
(VERY_LOW    ) CheckpointHook                     
 -------------------- 
before_test:
(VERY_HIGH   ) RuntimeInfoHook                    
 -------------------- 
before_test_epoch:
(NORMAL      ) IterTimerHook                      
 -------------------- 
before_test_iter:
(NORMAL      ) IterTimerHook                      
 -------------------- 
after_test_iter:
(NORMAL      ) IterTimerHook                      
(NORMAL      ) SegVisualizationHook               
(BELOW_NORMAL) LoggerHook                         
 -------------------- 
after_test_epoch:
(VERY_HIGH   ) RuntimeInfoHook                    
(NORMAL      ) IterTimerHook                      
(BELOW_NORMAL) LoggerHook                         
 -------------------- 
after_test:
(VERY_HIGH   ) RuntimeInfoHook                    
 -------------------- 
after_run:
(BELOW_NORMAL) LoggerHook                         
 -------------------- 
2024/04/16 22:11:31 - mmengine - WARNING - The prefix is not set in metric class IoUMetric.
2024/04/16 22:11:32 - mmengine - INFO - Load checkpoint from work_dirs/clipformer_opt_sub_cwal_rn50json_cdd_40k/best_mIoU_iter_40000.pth
2024/04/16 22:11:39 - mmengine - INFO - Iter(test) [  10/3000]    eta: 0:35:07  time: 0.7048  data_time: 0.0215  memory: 8998  
2024/04/16 22:11:40 - mmengine - INFO - Iter(test) [  20/3000]    eta: 0:19:49  time: 0.0933  data_time: 0.0017  memory: 856  
2024/04/16 22:11:41 - mmengine - INFO - Iter(test) [  30/3000]    eta: 0:14:42  time: 0.0935  data_time: 0.0018  memory: 856  
2024/04/16 22:11:42 - mmengine - INFO - Iter(test) [  40/3000]    eta: 0:12:09  time: 0.0943  data_time: 0.0019  memory: 856  
2024/04/16 22:11:44 - mmengine - INFO - Iter(test) [  50/3000]    eta: 0:10:39  time: 0.0975  data_time: 0.0019  memory: 856  
2024/04/16 22:11:45 - mmengine - INFO - Iter(test) [  60/3000]    eta: 0:10:12  time: 0.1660  data_time: 0.0691  memory: 856  
2024/04/16 22:11:46 - mmengine - INFO - Iter(test) [  70/3000]    eta: 0:09:27  time: 0.1068  data_time: 0.0019  memory: 856  
2024/04/16 22:11:47 - mmengine - INFO - Iter(test) [  80/3000]    eta: 0:08:49  time: 0.0946  data_time: 0.0018  memory: 856  
2024/04/16 22:11:48 - mmengine - INFO - Iter(test) [  90/3000]    eta: 0:08:18  time: 0.0923  data_time: 0.0017  memory: 856  
2024/04/16 22:11:49 - mmengine - INFO - Iter(test) [ 100/3000]    eta: 0:07:54  time: 0.0940  data_time: 0.0017  memory: 856  
2024/04/16 22:11:50 - mmengine - INFO - Iter(test) [ 110/3000]    eta: 0:07:35  time: 0.0978  data_time: 0.0073  memory: 856  
2024/04/16 22:11:51 - mmengine - INFO - Iter(test) [ 120/3000]    eta: 0:07:18  time: 0.0901  data_time: 0.0017  memory: 856  
2024/04/16 22:11:52 - mmengine - INFO - Iter(test) [ 130/3000]    eta: 0:07:03  time: 0.0919  data_time: 0.0017  memory: 856  
2024/04/16 22:11:52 - mmengine - INFO - Iter(test) [ 140/3000]    eta: 0:06:49  time: 0.0889  data_time: 0.0018  memory: 856  
2024/04/16 22:11:53 - mmengine - INFO - Iter(test) [ 150/3000]    eta: 0:06:38  time: 0.0940  data_time: 0.0017  memory: 856  
2024/04/16 22:11:54 - mmengine - INFO - Iter(test) [ 160/3000]    eta: 0:06:30  time: 0.1016  data_time: 0.0085  memory: 856  
2024/04/16 22:11:55 - mmengine - INFO - Iter(test) [ 170/3000]    eta: 0:06:21  time: 0.0916  data_time: 0.0015  memory: 856  
2024/04/16 22:11:56 - mmengine - INFO - Iter(test) [ 180/3000]    eta: 0:06:14  time: 0.0948  data_time: 0.0016  memory: 856  
2024/04/16 22:11:57 - mmengine - INFO - Iter(test) [ 190/3000]    eta: 0:06:06  time: 0.0912  data_time: 0.0017  memory: 856  
2024/04/16 22:11:58 - mmengine - INFO - Iter(test) [ 200/3000]    eta: 0:05:59  time: 0.0908  data_time: 0.0016  memory: 856  
2024/04/16 22:11:59 - mmengine - INFO - Iter(test) [ 210/3000]    eta: 0:05:54  time: 0.0991  data_time: 0.0086  memory: 856  
2024/04/16 22:12:00 - mmengine - INFO - Iter(test) [ 220/3000]    eta: 0:05:48  time: 0.0916  data_time: 0.0017  memory: 856  
2024/04/16 22:12:01 - mmengine - INFO - Iter(test) [ 230/3000]    eta: 0:05:43  time: 0.0918  data_time: 0.0016  memory: 856  
2024/04/16 22:12:02 - mmengine - INFO - Iter(test) [ 240/3000]    eta: 0:05:38  time: 0.0933  data_time: 0.0016  memory: 856  
2024/04/16 22:12:03 - mmengine - INFO - Iter(test) [ 250/3000]    eta: 0:05:34  time: 0.0922  data_time: 0.0017  memory: 856  
2024/04/16 22:12:04 - mmengine - INFO - Iter(test) [ 260/3000]    eta: 0:05:30  time: 0.1015  data_time: 0.0085  memory: 856  
2024/04/16 22:12:05 - mmengine - INFO - Iter(test) [ 270/3000]    eta: 0:05:26  time: 0.0927  data_time: 0.0017  memory: 856  
2024/04/16 22:12:06 - mmengine - INFO - Iter(test) [ 280/3000]    eta: 0:05:22  time: 0.0903  data_time: 0.0018  memory: 856  
2024/04/16 22:12:07 - mmengine - INFO - Iter(test) [ 290/3000]    eta: 0:05:19  time: 0.0915  data_time: 0.0017  memory: 856  
2024/04/16 22:12:08 - mmengine - INFO - Iter(test) [ 300/3000]    eta: 0:05:15  time: 0.0938  data_time: 0.0016  memory: 856  
2024/04/16 22:12:08 - mmengine - INFO - Iter(test) [ 310/3000]    eta: 0:05:13  time: 0.0994  data_time: 0.0074  memory: 856  
2024/04/16 22:12:09 - mmengine - INFO - Iter(test) [ 320/3000]    eta: 0:05:09  time: 0.0937  data_time: 0.0017  memory: 856  
2024/04/16 22:12:10 - mmengine - INFO - Iter(test) [ 330/3000]    eta: 0:05:06  time: 0.0932  data_time: 0.0017  memory: 856  
2024/04/16 22:12:11 - mmengine - INFO - Iter(test) [ 340/3000]    eta: 0:05:04  time: 0.0944  data_time: 0.0016  memory: 856  
2024/04/16 22:12:12 - mmengine - INFO - Iter(test) [ 350/3000]    eta: 0:05:01  time: 0.0936  data_time: 0.0018  memory: 856  
2024/04/16 22:12:13 - mmengine - INFO - Iter(test) [ 360/3000]    eta: 0:04:59  time: 0.1000  data_time: 0.0089  memory: 856  
2024/04/16 22:12:14 - mmengine - INFO - Iter(test) [ 370/3000]    eta: 0:04:56  time: 0.0942  data_time: 0.0017  memory: 856  
2024/04/16 22:12:15 - mmengine - INFO - Iter(test) [ 380/3000]    eta: 0:04:54  time: 0.0912  data_time: 0.0016  memory: 856  
2024/04/16 22:12:16 - mmengine - INFO - Iter(test) [ 390/3000]    eta: 0:04:51  time: 0.0944  data_time: 0.0015  memory: 856  
2024/04/16 22:12:17 - mmengine - INFO - Iter(test) [ 400/3000]    eta: 0:04:49  time: 0.0935  data_time: 0.0017  memory: 856  
2024/04/16 22:12:18 - mmengine - INFO - Iter(test) [ 410/3000]    eta: 0:04:47  time: 0.0992  data_time: 0.0087  memory: 856  
2024/04/16 22:12:19 - mmengine - INFO - Iter(test) [ 420/3000]    eta: 0:04:45  time: 0.0917  data_time: 0.0015  memory: 856  
2024/04/16 22:12:20 - mmengine - INFO - Iter(test) [ 430/3000]    eta: 0:04:43  time: 0.0910  data_time: 0.0016  memory: 856  
2024/04/16 22:12:21 - mmengine - INFO - Iter(test) [ 440/3000]    eta: 0:04:40  time: 0.0904  data_time: 0.0016  memory: 856  
2024/04/16 22:12:22 - mmengine - INFO - Iter(test) [ 450/3000]    eta: 0:04:38  time: 0.0943  data_time: 0.0017  memory: 856  
2024/04/16 22:12:23 - mmengine - INFO - Iter(test) [ 460/3000]    eta: 0:04:37  time: 0.0976  data_time: 0.0068  memory: 856  
2024/04/16 22:12:24 - mmengine - INFO - Iter(test) [ 470/3000]    eta: 0:04:35  time: 0.0920  data_time: 0.0017  memory: 856  
2024/04/16 22:12:24 - mmengine - INFO - Iter(test) [ 480/3000]    eta: 0:04:33  time: 0.0924  data_time: 0.0016  memory: 856  
2024/04/16 22:12:25 - mmengine - INFO - Iter(test) [ 490/3000]    eta: 0:04:31  time: 0.0909  data_time: 0.0016  memory: 856  
2024/04/16 22:12:26 - mmengine - INFO - Iter(test) [ 500/3000]    eta: 0:04:29  time: 0.0927  data_time: 0.0015  memory: 856  
2024/04/16 22:12:27 - mmengine - INFO - Iter(test) [ 510/3000]    eta: 0:04:27  time: 0.0964  data_time: 0.0071  memory: 856  
2024/04/16 22:12:28 - mmengine - INFO - Iter(test) [ 520/3000]    eta: 0:04:25  time: 0.0932  data_time: 0.0016  memory: 856  
2024/04/16 22:12:29 - mmengine - INFO - Iter(test) [ 530/3000]    eta: 0:04:24  time: 0.0943  data_time: 0.0015  memory: 856  
2024/04/16 22:12:30 - mmengine - INFO - Iter(test) [ 540/3000]    eta: 0:04:22  time: 0.0921  data_time: 0.0016  memory: 856  
2024/04/16 22:12:31 - mmengine - INFO - Iter(test) [ 550/3000]    eta: 0:04:20  time: 0.0937  data_time: 0.0017  memory: 856  
2024/04/16 22:12:32 - mmengine - INFO - Iter(test) [ 560/3000]    eta: 0:04:19  time: 0.1007  data_time: 0.0084  memory: 856  
2024/04/16 22:12:33 - mmengine - INFO - Iter(test) [ 570/3000]    eta: 0:04:17  time: 0.0897  data_time: 0.0016  memory: 856  
2024/04/16 22:12:34 - mmengine - INFO - Iter(test) [ 580/3000]    eta: 0:04:16  time: 0.0947  data_time: 0.0016  memory: 856  
2024/04/16 22:12:35 - mmengine - INFO - Iter(test) [ 590/3000]    eta: 0:04:14  time: 0.0912  data_time: 0.0017  memory: 856  
2024/04/16 22:12:36 - mmengine - INFO - Iter(test) [ 600/3000]    eta: 0:04:12  time: 0.0897  data_time: 0.0016  memory: 856  
2024/04/16 22:12:37 - mmengine - INFO - Iter(test) [ 610/3000]    eta: 0:04:11  time: 0.1019  data_time: 0.0086  memory: 856  
2024/04/16 22:12:38 - mmengine - INFO - Iter(test) [ 620/3000]    eta: 0:04:10  time: 0.0907  data_time: 0.0017  memory: 856  
2024/04/16 22:12:38 - mmengine - INFO - Iter(test) [ 630/3000]    eta: 0:04:08  time: 0.0913  data_time: 0.0017  memory: 856  
2024/04/16 22:12:39 - mmengine - INFO - Iter(test) [ 640/3000]    eta: 0:04:06  time: 0.0911  data_time: 0.0016  memory: 856  
2024/04/16 22:12:40 - mmengine - INFO - Iter(test) [ 650/3000]    eta: 0:04:05  time: 0.0905  data_time: 0.0016  memory: 856  
2024/04/16 22:12:41 - mmengine - INFO - Iter(test) [ 660/3000]    eta: 0:04:04  time: 0.0994  data_time: 0.0088  memory: 856  
2024/04/16 22:12:42 - mmengine - INFO - Iter(test) [ 670/3000]    eta: 0:04:02  time: 0.0921  data_time: 0.0016  memory: 856  
2024/04/16 22:12:43 - mmengine - INFO - Iter(test) [ 680/3000]    eta: 0:04:01  time: 0.0927  data_time: 0.0016  memory: 856  
2024/04/16 22:12:44 - mmengine - INFO - Iter(test) [ 690/3000]    eta: 0:03:59  time: 0.0949  data_time: 0.0018  memory: 856  
2024/04/16 22:12:45 - mmengine - INFO - Iter(test) [ 700/3000]    eta: 0:03:58  time: 0.0902  data_time: 0.0016  memory: 856  
2024/04/16 22:12:46 - mmengine - INFO - Iter(test) [ 710/3000]    eta: 0:03:57  time: 0.1000  data_time: 0.0070  memory: 856  
2024/04/16 22:12:47 - mmengine - INFO - Iter(test) [ 720/3000]    eta: 0:03:56  time: 0.0966  data_time: 0.0017  memory: 856  
2024/04/16 22:12:48 - mmengine - INFO - Iter(test) [ 730/3000]    eta: 0:03:54  time: 0.0973  data_time: 0.0018  memory: 856  
2024/04/16 22:12:49 - mmengine - INFO - Iter(test) [ 740/3000]    eta: 0:03:53  time: 0.0924  data_time: 0.0016  memory: 856  
2024/04/16 22:12:50 - mmengine - INFO - Iter(test) [ 750/3000]    eta: 0:03:52  time: 0.0920  data_time: 0.0016  memory: 856  
2024/04/16 22:12:51 - mmengine - INFO - Iter(test) [ 760/3000]    eta: 0:03:50  time: 0.0960  data_time: 0.0073  memory: 856  
2024/04/16 22:12:52 - mmengine - INFO - Iter(test) [ 770/3000]    eta: 0:03:49  time: 0.0926  data_time: 0.0016  memory: 856  
2024/04/16 22:12:53 - mmengine - INFO - Iter(test) [ 780/3000]    eta: 0:03:48  time: 0.0925  data_time: 0.0017  memory: 856  
2024/04/16 22:12:54 - mmengine - INFO - Iter(test) [ 790/3000]    eta: 0:03:46  time: 0.0923  data_time: 0.0017  memory: 856  
2024/04/16 22:12:55 - mmengine - INFO - Iter(test) [ 800/3000]    eta: 0:03:45  time: 0.0941  data_time: 0.0017  memory: 856  
2024/04/16 22:12:55 - mmengine - INFO - Iter(test) [ 810/3000]    eta: 0:03:44  time: 0.0992  data_time: 0.0085  memory: 856  
2024/04/16 22:12:56 - mmengine - INFO - Iter(test) [ 820/3000]    eta: 0:03:43  time: 0.0902  data_time: 0.0017  memory: 856  
2024/04/16 22:12:57 - mmengine - INFO - Iter(test) [ 830/3000]    eta: 0:03:41  time: 0.0942  data_time: 0.0017  memory: 856  
2024/04/16 22:12:58 - mmengine - INFO - Iter(test) [ 840/3000]    eta: 0:03:40  time: 0.0924  data_time: 0.0016  memory: 856  
2024/04/16 22:12:59 - mmengine - INFO - Iter(test) [ 850/3000]    eta: 0:03:39  time: 0.0934  data_time: 0.0017  memory: 856  
2024/04/16 22:13:00 - mmengine - INFO - Iter(test) [ 860/3000]    eta: 0:03:38  time: 0.1016  data_time: 0.0088  memory: 856  
2024/04/16 22:13:01 - mmengine - INFO - Iter(test) [ 870/3000]    eta: 0:03:37  time: 0.0910  data_time: 0.0016  memory: 856  
2024/04/16 22:13:02 - mmengine - INFO - Iter(test) [ 880/3000]    eta: 0:03:35  time: 0.0941  data_time: 0.0017  memory: 856  
2024/04/16 22:13:03 - mmengine - INFO - Iter(test) [ 890/3000]    eta: 0:03:34  time: 0.0939  data_time: 0.0017  memory: 856  
2024/04/16 22:13:04 - mmengine - INFO - Iter(test) [ 900/3000]    eta: 0:03:33  time: 0.0934  data_time: 0.0016  memory: 856  
2024/04/16 22:13:05 - mmengine - INFO - Iter(test) [ 910/3000]    eta: 0:03:32  time: 0.1045  data_time: 0.0084  memory: 856  
2024/04/16 22:13:06 - mmengine - INFO - Iter(test) [ 920/3000]    eta: 0:03:31  time: 0.0930  data_time: 0.0018  memory: 856  
2024/04/16 22:13:07 - mmengine - INFO - Iter(test) [ 930/3000]    eta: 0:03:30  time: 0.0921  data_time: 0.0017  memory: 856  
2024/04/16 22:13:08 - mmengine - INFO - Iter(test) [ 940/3000]    eta: 0:03:28  time: 0.0915  data_time: 0.0016  memory: 856  
2024/04/16 22:13:09 - mmengine - INFO - Iter(test) [ 950/3000]    eta: 0:03:27  time: 0.0910  data_time: 0.0017  memory: 856  
2024/04/16 22:13:10 - mmengine - INFO - Iter(test) [ 960/3000]    eta: 0:03:26  time: 0.1005  data_time: 0.0070  memory: 856  
2024/04/16 22:13:11 - mmengine - INFO - Iter(test) [ 970/3000]    eta: 0:03:25  time: 0.0934  data_time: 0.0017  memory: 856  
2024/04/16 22:13:11 - mmengine - INFO - Iter(test) [ 980/3000]    eta: 0:03:24  time: 0.0923  data_time: 0.0016  memory: 856  
2024/04/16 22:13:12 - mmengine - INFO - Iter(test) [ 990/3000]    eta: 0:03:23  time: 0.0946  data_time: 0.0016  memory: 856  
2024/04/16 22:13:13 - mmengine - INFO - Iter(test) [1000/3000]    eta: 0:03:21  time: 0.0932  data_time: 0.0017  memory: 856  
2024/04/16 22:13:14 - mmengine - INFO - Iter(test) [1010/3000]    eta: 0:03:20  time: 0.0990  data_time: 0.0087  memory: 856  
2024/04/16 22:13:15 - mmengine - INFO - Iter(test) [1020/3000]    eta: 0:03:19  time: 0.0968  data_time: 0.0018  memory: 856  
2024/04/16 22:13:16 - mmengine - INFO - Iter(test) [1030/3000]    eta: 0:03:18  time: 0.0912  data_time: 0.0016  memory: 856  
2024/04/16 22:13:17 - mmengine - INFO - Iter(test) [1040/3000]    eta: 0:03:17  time: 0.0926  data_time: 0.0017  memory: 856  
2024/04/16 22:13:18 - mmengine - INFO - Iter(test) [1050/3000]    eta: 0:03:16  time: 0.0939  data_time: 0.0016  memory: 856  
2024/04/16 22:13:19 - mmengine - INFO - Iter(test) [1060/3000]    eta: 0:03:15  time: 0.0995  data_time: 0.0073  memory: 856  
2024/04/16 22:13:20 - mmengine - INFO - Iter(test) [1070/3000]    eta: 0:03:14  time: 0.0897  data_time: 0.0017  memory: 856  
2024/04/16 22:13:21 - mmengine - INFO - Iter(test) [1080/3000]    eta: 0:03:12  time: 0.0927  data_time: 0.0016  memory: 856  
2024/04/16 22:13:22 - mmengine - INFO - Iter(test) [1090/3000]    eta: 0:03:11  time: 0.0923  data_time: 0.0016  memory: 856  
2024/04/16 22:13:23 - mmengine - INFO - Iter(test) [1100/3000]    eta: 0:03:10  time: 0.0939  data_time: 0.0017  memory: 856  
2024/04/16 22:13:24 - mmengine - INFO - Iter(test) [1110/3000]    eta: 0:03:09  time: 0.0972  data_time: 0.0069  memory: 856  
2024/04/16 22:13:25 - mmengine - INFO - Iter(test) [1120/3000]    eta: 0:03:08  time: 0.0927  data_time: 0.0021  memory: 856  
2024/04/16 22:13:26 - mmengine - INFO - Iter(test) [1130/3000]    eta: 0:03:07  time: 0.0919  data_time: 0.0017  memory: 856  
2024/04/16 22:13:27 - mmengine - INFO - Iter(test) [1140/3000]    eta: 0:03:06  time: 0.0884  data_time: 0.0017  memory: 856  
2024/04/16 22:13:28 - mmengine - INFO - Iter(test) [1150/3000]    eta: 0:03:04  time: 0.0947  data_time: 0.0017  memory: 856  
2024/04/16 22:13:28 - mmengine - INFO - Iter(test) [1160/3000]    eta: 0:03:04  time: 0.1035  data_time: 0.0085  memory: 856  
2024/04/16 22:13:29 - mmengine - INFO - Iter(test) [1170/3000]    eta: 0:03:02  time: 0.0936  data_time: 0.0018  memory: 856  
2024/04/16 22:13:30 - mmengine - INFO - Iter(test) [1180/3000]    eta: 0:03:01  time: 0.0935  data_time: 0.0017  memory: 856  
2024/04/16 22:13:31 - mmengine - INFO - Iter(test) [1190/3000]    eta: 0:03:00  time: 0.0932  data_time: 0.0017  memory: 856  
2024/04/16 22:13:32 - mmengine - INFO - Iter(test) [1200/3000]    eta: 0:02:59  time: 0.0922  data_time: 0.0016  memory: 856  
2024/04/16 22:13:33 - mmengine - INFO - Iter(test) [1210/3000]    eta: 0:02:58  time: 0.1019  data_time: 0.0086  memory: 856  
2024/04/16 22:13:34 - mmengine - INFO - Iter(test) [1220/3000]    eta: 0:02:57  time: 0.0938  data_time: 0.0017  memory: 856  
2024/04/16 22:13:35 - mmengine - INFO - Iter(test) [1230/3000]    eta: 0:02:56  time: 0.0921  data_time: 0.0017  memory: 856  
2024/04/16 22:13:36 - mmengine - INFO - Iter(test) [1240/3000]    eta: 0:02:55  time: 0.0942  data_time: 0.0018  memory: 856  
2024/04/16 22:13:37 - mmengine - INFO - Iter(test) [1250/3000]    eta: 0:02:54  time: 0.0930  data_time: 0.0016  memory: 856  
2024/04/16 22:13:38 - mmengine - INFO - Iter(test) [1260/3000]    eta: 0:02:53  time: 0.0983  data_time: 0.0070  memory: 856  
2024/04/16 22:13:39 - mmengine - INFO - Iter(test) [1270/3000]    eta: 0:02:52  time: 0.0939  data_time: 0.0016  memory: 856  
2024/04/16 22:13:40 - mmengine - INFO - Iter(test) [1280/3000]    eta: 0:02:51  time: 0.0933  data_time: 0.0016  memory: 856  
2024/04/16 22:13:41 - mmengine - INFO - Iter(test) [1290/3000]    eta: 0:02:50  time: 0.0949  data_time: 0.0016  memory: 856  
2024/04/16 22:13:42 - mmengine - INFO - Iter(test) [1300/3000]    eta: 0:02:49  time: 0.0941  data_time: 0.0017  memory: 856  
2024/04/16 22:13:43 - mmengine - INFO - Iter(test) [1310/3000]    eta: 0:02:48  time: 0.0981  data_time: 0.0069  memory: 856  
2024/04/16 22:13:44 - mmengine - INFO - Iter(test) [1320/3000]    eta: 0:02:46  time: 0.0944  data_time: 0.0017  memory: 856  
2024/04/16 22:13:45 - mmengine - INFO - Iter(test) [1330/3000]    eta: 0:02:45  time: 0.0918  data_time: 0.0017  memory: 856  
2024/04/16 22:13:45 - mmengine - INFO - Iter(test) [1340/3000]    eta: 0:02:44  time: 0.0929  data_time: 0.0017  memory: 856  
2024/04/16 22:13:46 - mmengine - INFO - Iter(test) [1350/3000]    eta: 0:02:43  time: 0.0947  data_time: 0.0018  memory: 856  
2024/04/16 22:13:47 - mmengine - INFO - Iter(test) [1360/3000]    eta: 0:02:42  time: 0.0998  data_time: 0.0071  memory: 856  
2024/04/16 22:13:48 - mmengine - INFO - Iter(test) [1370/3000]    eta: 0:02:41  time: 0.0930  data_time: 0.0017  memory: 856  
2024/04/16 22:13:49 - mmengine - INFO - Iter(test) [1380/3000]    eta: 0:02:40  time: 0.0941  data_time: 0.0017  memory: 856  
2024/04/16 22:13:50 - mmengine - INFO - Iter(test) [1390/3000]    eta: 0:02:39  time: 0.0923  data_time: 0.0017  memory: 856  
2024/04/16 22:13:51 - mmengine - INFO - Iter(test) [1400/3000]    eta: 0:02:38  time: 0.0941  data_time: 0.0017  memory: 856  
2024/04/16 22:13:52 - mmengine - INFO - Iter(test) [1410/3000]    eta: 0:02:37  time: 0.1031  data_time: 0.0087  memory: 856  
2024/04/16 22:13:53 - mmengine - INFO - Iter(test) [1420/3000]    eta: 0:02:36  time: 0.0912  data_time: 0.0017  memory: 856  
2024/04/16 22:13:54 - mmengine - INFO - Iter(test) [1430/3000]    eta: 0:02:35  time: 0.0942  data_time: 0.0017  memory: 856  
2024/04/16 22:13:55 - mmengine - INFO - Iter(test) [1440/3000]    eta: 0:02:34  time: 0.0935  data_time: 0.0017  memory: 856  
2024/04/16 22:13:56 - mmengine - INFO - Iter(test) [1450/3000]    eta: 0:02:33  time: 0.0922  data_time: 0.0018  memory: 856  
2024/04/16 22:13:57 - mmengine - INFO - Iter(test) [1460/3000]    eta: 0:02:32  time: 0.0985  data_time: 0.0070  memory: 856  
2024/04/16 22:13:58 - mmengine - INFO - Iter(test) [1470/3000]    eta: 0:02:31  time: 0.0913  data_time: 0.0016  memory: 856  
2024/04/16 22:13:59 - mmengine - INFO - Iter(test) [1480/3000]    eta: 0:02:30  time: 0.0914  data_time: 0.0018  memory: 856  
2024/04/16 22:14:00 - mmengine - INFO - Iter(test) [1490/3000]    eta: 0:02:29  time: 0.0941  data_time: 0.0017  memory: 856  
2024/04/16 22:14:01 - mmengine - INFO - Iter(test) [1500/3000]    eta: 0:02:28  time: 0.0904  data_time: 0.0017  memory: 856  
2024/04/16 22:14:02 - mmengine - INFO - Iter(test) [1510/3000]    eta: 0:02:27  time: 0.0999  data_time: 0.0069  memory: 856  
2024/04/16 22:14:02 - mmengine - INFO - Iter(test) [1520/3000]    eta: 0:02:26  time: 0.0917  data_time: 0.0018  memory: 856  
2024/04/16 22:14:03 - mmengine - INFO - Iter(test) [1530/3000]    eta: 0:02:25  time: 0.0931  data_time: 0.0017  memory: 856  
2024/04/16 22:14:04 - mmengine - INFO - Iter(test) [1540/3000]    eta: 0:02:24  time: 0.0947  data_time: 0.0017  memory: 856  
2024/04/16 22:14:05 - mmengine - INFO - Iter(test) [1550/3000]    eta: 0:02:22  time: 0.0949  data_time: 0.0017  memory: 856  
2024/04/16 22:14:06 - mmengine - INFO - Iter(test) [1560/3000]    eta: 0:02:21  time: 0.0980  data_time: 0.0070  memory: 856  
2024/04/16 22:14:07 - mmengine - INFO - Iter(test) [1570/3000]    eta: 0:02:20  time: 0.0945  data_time: 0.0016  memory: 856  
2024/04/16 22:14:08 - mmengine - INFO - Iter(test) [1580/3000]    eta: 0:02:19  time: 0.0900  data_time: 0.0016  memory: 856  
2024/04/16 22:14:09 - mmengine - INFO - Iter(test) [1590/3000]    eta: 0:02:18  time: 0.0939  data_time: 0.0017  memory: 856  
2024/04/16 22:14:10 - mmengine - INFO - Iter(test) [1600/3000]    eta: 0:02:17  time: 0.0928  data_time: 0.0016  memory: 856  
2024/04/16 22:14:11 - mmengine - INFO - Iter(test) [1610/3000]    eta: 0:02:16  time: 0.0968  data_time: 0.0069  memory: 856  
2024/04/16 22:14:12 - mmengine - INFO - Iter(test) [1620/3000]    eta: 0:02:15  time: 0.0952  data_time: 0.0016  memory: 856  
2024/04/16 22:14:13 - mmengine - INFO - Iter(test) [1630/3000]    eta: 0:02:14  time: 0.0908  data_time: 0.0017  memory: 856  
2024/04/16 22:14:14 - mmengine - INFO - Iter(test) [1640/3000]    eta: 0:02:13  time: 0.0908  data_time: 0.0017  memory: 856  
2024/04/16 22:14:15 - mmengine - INFO - Iter(test) [1650/3000]    eta: 0:02:12  time: 0.0956  data_time: 0.0019  memory: 856  
2024/04/16 22:14:16 - mmengine - INFO - Iter(test) [1660/3000]    eta: 0:02:11  time: 0.0973  data_time: 0.0084  memory: 856  
2024/04/16 22:14:17 - mmengine - INFO - Iter(test) [1670/3000]    eta: 0:02:10  time: 0.0937  data_time: 0.0016  memory: 856  
2024/04/16 22:14:18 - mmengine - INFO - Iter(test) [1680/3000]    eta: 0:02:09  time: 0.0955  data_time: 0.0017  memory: 856  
2024/04/16 22:14:18 - mmengine - INFO - Iter(test) [1690/3000]    eta: 0:02:08  time: 0.0911  data_time: 0.0016  memory: 856  
2024/04/16 22:14:19 - mmengine - INFO - Iter(test) [1700/3000]    eta: 0:02:07  time: 0.0935  data_time: 0.0016  memory: 856  
2024/04/16 22:14:20 - mmengine - INFO - Iter(test) [1710/3000]    eta: 0:02:06  time: 0.0975  data_time: 0.0072  memory: 856  
2024/04/16 22:14:21 - mmengine - INFO - Iter(test) [1720/3000]    eta: 0:02:05  time: 0.0916  data_time: 0.0018  memory: 856  
2024/04/16 22:14:22 - mmengine - INFO - Iter(test) [1730/3000]    eta: 0:02:04  time: 0.0944  data_time: 0.0017  memory: 856  
2024/04/16 22:14:23 - mmengine - INFO - Iter(test) [1740/3000]    eta: 0:02:03  time: 0.0915  data_time: 0.0016  memory: 856  
2024/04/16 22:14:24 - mmengine - INFO - Iter(test) [1750/3000]    eta: 0:02:02  time: 0.0925  data_time: 0.0017  memory: 856  
2024/04/16 22:14:25 - mmengine - INFO - Iter(test) [1760/3000]    eta: 0:02:01  time: 0.1008  data_time: 0.0070  memory: 856  
2024/04/16 22:14:26 - mmengine - INFO - Iter(test) [1770/3000]    eta: 0:02:00  time: 0.0940  data_time: 0.0018  memory: 856  
2024/04/16 22:14:27 - mmengine - INFO - Iter(test) [1780/3000]    eta: 0:01:59  time: 0.0920  data_time: 0.0017  memory: 856  
2024/04/16 22:14:28 - mmengine - INFO - Iter(test) [1790/3000]    eta: 0:01:58  time: 0.0945  data_time: 0.0018  memory: 856  
2024/04/16 22:14:29 - mmengine - INFO - Iter(test) [1800/3000]    eta: 0:01:57  time: 0.0944  data_time: 0.0017  memory: 856  
2024/04/16 22:14:30 - mmengine - INFO - Iter(test) [1810/3000]    eta: 0:01:56  time: 0.1013  data_time: 0.0095  memory: 856  
2024/04/16 22:14:31 - mmengine - INFO - Iter(test) [1820/3000]    eta: 0:01:55  time: 0.0930  data_time: 0.0017  memory: 856  
2024/04/16 22:14:32 - mmengine - INFO - Iter(test) [1830/3000]    eta: 0:01:54  time: 0.0915  data_time: 0.0020  memory: 856  
2024/04/16 22:14:33 - mmengine - INFO - Iter(test) [1840/3000]    eta: 0:01:53  time: 0.0943  data_time: 0.0017  memory: 856  
2024/04/16 22:14:34 - mmengine - INFO - Iter(test) [1850/3000]    eta: 0:01:52  time: 0.0945  data_time: 0.0018  memory: 856  
2024/04/16 22:14:35 - mmengine - INFO - Iter(test) [1860/3000]    eta: 0:01:51  time: 0.0993  data_time: 0.0070  memory: 856  
2024/04/16 22:14:36 - mmengine - INFO - Iter(test) [1870/3000]    eta: 0:01:50  time: 0.0948  data_time: 0.0017  memory: 856  
2024/04/16 22:14:36 - mmengine - INFO - Iter(test) [1880/3000]    eta: 0:01:49  time: 0.0926  data_time: 0.0017  memory: 856  
2024/04/16 22:14:37 - mmengine - INFO - Iter(test) [1890/3000]    eta: 0:01:48  time: 0.0919  data_time: 0.0018  memory: 856  
2024/04/16 22:14:38 - mmengine - INFO - Iter(test) [1900/3000]    eta: 0:01:47  time: 0.0973  data_time: 0.0019  memory: 856  
2024/04/16 22:14:39 - mmengine - INFO - Iter(test) [1910/3000]    eta: 0:01:46  time: 0.1016  data_time: 0.0086  memory: 856  
2024/04/16 22:14:40 - mmengine - INFO - Iter(test) [1920/3000]    eta: 0:01:45  time: 0.0918  data_time: 0.0016  memory: 856  
2024/04/16 22:14:41 - mmengine - INFO - Iter(test) [1930/3000]    eta: 0:01:44  time: 0.0921  data_time: 0.0017  memory: 856  
2024/04/16 22:14:42 - mmengine - INFO - Iter(test) [1940/3000]    eta: 0:01:43  time: 0.0898  data_time: 0.0017  memory: 856  
2024/04/16 22:14:43 - mmengine - INFO - Iter(test) [1950/3000]    eta: 0:01:42  time: 0.0935  data_time: 0.0017  memory: 856  
2024/04/16 22:14:44 - mmengine - INFO - Iter(test) [1960/3000]    eta: 0:01:41  time: 0.1006  data_time: 0.0086  memory: 856  
2024/04/16 22:14:45 - mmengine - INFO - Iter(test) [1970/3000]    eta: 0:01:40  time: 0.0933  data_time: 0.0017  memory: 856  
2024/04/16 22:14:46 - mmengine - INFO - Iter(test) [1980/3000]    eta: 0:01:39  time: 0.0942  data_time: 0.0017  memory: 856  
2024/04/16 22:14:47 - mmengine - INFO - Iter(test) [1990/3000]    eta: 0:01:38  time: 0.0930  data_time: 0.0017  memory: 856  
2024/04/16 22:14:48 - mmengine - INFO - Iter(test) [2000/3000]    eta: 0:01:37  time: 0.0924  data_time: 0.0017  memory: 856  
2024/04/16 22:14:49 - mmengine - INFO - Iter(test) [2010/3000]    eta: 0:01:36  time: 0.1027  data_time: 0.0085  memory: 856  
2024/04/16 22:14:50 - mmengine - INFO - Iter(test) [2020/3000]    eta: 0:01:35  time: 0.0930  data_time: 0.0018  memory: 856  
2024/04/16 22:14:51 - mmengine - INFO - Iter(test) [2030/3000]    eta: 0:01:34  time: 0.0933  data_time: 0.0016  memory: 856  
2024/04/16 22:14:52 - mmengine - INFO - Iter(test) [2040/3000]    eta: 0:01:33  time: 0.0936  data_time: 0.0016  memory: 856  
2024/04/16 22:14:53 - mmengine - INFO - Iter(test) [2050/3000]    eta: 0:01:32  time: 0.0923  data_time: 0.0019  memory: 856  
2024/04/16 22:14:54 - mmengine - INFO - Iter(test) [2060/3000]    eta: 0:01:31  time: 0.1008  data_time: 0.0070  memory: 856  
2024/04/16 22:14:54 - mmengine - INFO - Iter(test) [2070/3000]    eta: 0:01:30  time: 0.0924  data_time: 0.0017  memory: 856  
2024/04/16 22:14:55 - mmengine - INFO - Iter(test) [2080/3000]    eta: 0:01:29  time: 0.0919  data_time: 0.0018  memory: 856  
2024/04/16 22:14:56 - mmengine - INFO - Iter(test) [2090/3000]    eta: 0:01:28  time: 0.0943  data_time: 0.0018  memory: 856  
2024/04/16 22:14:57 - mmengine - INFO - Iter(test) [2100/3000]    eta: 0:01:27  time: 0.0940  data_time: 0.0018  memory: 856  
2024/04/16 22:14:58 - mmengine - INFO - Iter(test) [2110/3000]    eta: 0:01:26  time: 0.0993  data_time: 0.0069  memory: 856  
2024/04/16 22:14:59 - mmengine - INFO - Iter(test) [2120/3000]    eta: 0:01:25  time: 0.0943  data_time: 0.0015  memory: 856  
2024/04/16 22:15:00 - mmengine - INFO - Iter(test) [2130/3000]    eta: 0:01:24  time: 0.0934  data_time: 0.0016  memory: 856  
2024/04/16 22:15:01 - mmengine - INFO - Iter(test) [2140/3000]    eta: 0:01:23  time: 0.0935  data_time: 0.0017  memory: 856  
2024/04/16 22:15:02 - mmengine - INFO - Iter(test) [2150/3000]    eta: 0:01:22  time: 0.0902  data_time: 0.0016  memory: 856  
2024/04/16 22:15:03 - mmengine - INFO - Iter(test) [2160/3000]    eta: 0:01:21  time: 0.0979  data_time: 0.0069  memory: 856  
2024/04/16 22:15:04 - mmengine - INFO - Iter(test) [2170/3000]    eta: 0:01:20  time: 0.0944  data_time: 0.0017  memory: 856  
2024/04/16 22:15:05 - mmengine - INFO - Iter(test) [2180/3000]    eta: 0:01:19  time: 0.0935  data_time: 0.0016  memory: 856  
2024/04/16 22:15:06 - mmengine - INFO - Iter(test) [2190/3000]    eta: 0:01:18  time: 0.0919  data_time: 0.0016  memory: 856  
2024/04/16 22:15:07 - mmengine - INFO - Iter(test) [2200/3000]    eta: 0:01:17  time: 0.0942  data_time: 0.0017  memory: 856  
2024/04/16 22:15:08 - mmengine - INFO - Iter(test) [2210/3000]    eta: 0:01:16  time: 0.0956  data_time: 0.0082  memory: 856  
2024/04/16 22:15:09 - mmengine - INFO - Iter(test) [2220/3000]    eta: 0:01:15  time: 0.0922  data_time: 0.0018  memory: 856  
2024/04/16 22:15:10 - mmengine - INFO - Iter(test) [2230/3000]    eta: 0:01:14  time: 0.0937  data_time: 0.0016  memory: 856  
2024/04/16 22:15:10 - mmengine - INFO - Iter(test) [2240/3000]    eta: 0:01:13  time: 0.0909  data_time: 0.0017  memory: 856  
2024/04/16 22:15:11 - mmengine - INFO - Iter(test) [2250/3000]    eta: 0:01:12  time: 0.0946  data_time: 0.0017  memory: 856  
2024/04/16 22:15:12 - mmengine - INFO - Iter(test) [2260/3000]    eta: 0:01:11  time: 0.1002  data_time: 0.0083  memory: 856  
2024/04/16 22:15:13 - mmengine - INFO - Iter(test) [2270/3000]    eta: 0:01:11  time: 0.0918  data_time: 0.0017  memory: 856  
2024/04/16 22:15:14 - mmengine - INFO - Iter(test) [2280/3000]    eta: 0:01:10  time: 0.0957  data_time: 0.0016  memory: 856  
2024/04/16 22:15:15 - mmengine - INFO - Iter(test) [2290/3000]    eta: 0:01:09  time: 0.0919  data_time: 0.0016  memory: 856  
2024/04/16 22:15:16 - mmengine - INFO - Iter(test) [2300/3000]    eta: 0:01:08  time: 0.0915  data_time: 0.0017  memory: 856  
2024/04/16 22:15:17 - mmengine - INFO - Iter(test) [2310/3000]    eta: 0:01:07  time: 0.1027  data_time: 0.0086  memory: 856  
2024/04/16 22:15:18 - mmengine - INFO - Iter(test) [2320/3000]    eta: 0:01:06  time: 0.0937  data_time: 0.0017  memory: 856  
2024/04/16 22:15:19 - mmengine - INFO - Iter(test) [2330/3000]    eta: 0:01:05  time: 0.0920  data_time: 0.0017  memory: 856  
2024/04/16 22:15:20 - mmengine - INFO - Iter(test) [2340/3000]    eta: 0:01:04  time: 0.0927  data_time: 0.0016  memory: 856  
2024/04/16 22:15:21 - mmengine - INFO - Iter(test) [2350/3000]    eta: 0:01:03  time: 0.0933  data_time: 0.0017  memory: 856  
2024/04/16 22:15:22 - mmengine - INFO - Iter(test) [2360/3000]    eta: 0:01:02  time: 0.1041  data_time: 0.0088  memory: 856  
2024/04/16 22:15:23 - mmengine - INFO - Iter(test) [2370/3000]    eta: 0:01:01  time: 0.0939  data_time: 0.0018  memory: 856  
2024/04/16 22:15:24 - mmengine - INFO - Iter(test) [2380/3000]    eta: 0:01:00  time: 0.0940  data_time: 0.0017  memory: 856  
2024/04/16 22:15:25 - mmengine - INFO - Iter(test) [2390/3000]    eta: 0:00:59  time: 0.0959  data_time: 0.0017  memory: 856  
2024/04/16 22:15:26 - mmengine - INFO - Iter(test) [2400/3000]    eta: 0:00:58  time: 0.0899  data_time: 0.0020  memory: 856  
2024/04/16 22:15:27 - mmengine - INFO - Iter(test) [2410/3000]    eta: 0:00:57  time: 0.0990  data_time: 0.0071  memory: 856  
2024/04/16 22:15:28 - mmengine - INFO - Iter(test) [2420/3000]    eta: 0:00:56  time: 0.0934  data_time: 0.0017  memory: 856  
2024/04/16 22:15:29 - mmengine - INFO - Iter(test) [2430/3000]    eta: 0:00:55  time: 0.0939  data_time: 0.0016  memory: 856  
2024/04/16 22:15:29 - mmengine - INFO - Iter(test) [2440/3000]    eta: 0:00:54  time: 0.0935  data_time: 0.0017  memory: 856  
2024/04/16 22:15:30 - mmengine - INFO - Iter(test) [2450/3000]    eta: 0:00:53  time: 0.0935  data_time: 0.0017  memory: 856  
2024/04/16 22:15:31 - mmengine - INFO - Iter(test) [2460/3000]    eta: 0:00:52  time: 0.0998  data_time: 0.0075  memory: 856  
2024/04/16 22:15:32 - mmengine - INFO - Iter(test) [2470/3000]    eta: 0:00:51  time: 0.0953  data_time: 0.0017  memory: 856  
2024/04/16 22:15:33 - mmengine - INFO - Iter(test) [2480/3000]    eta: 0:00:50  time: 0.0944  data_time: 0.0017  memory: 856  
2024/04/16 22:15:34 - mmengine - INFO - Iter(test) [2490/3000]    eta: 0:00:49  time: 0.0932  data_time: 0.0017  memory: 856  
2024/04/16 22:15:35 - mmengine - INFO - Iter(test) [2500/3000]    eta: 0:00:48  time: 0.0921  data_time: 0.0016  memory: 856  
2024/04/16 22:15:36 - mmengine - INFO - Iter(test) [2510/3000]    eta: 0:00:47  time: 0.0977  data_time: 0.0071  memory: 856  
2024/04/16 22:15:37 - mmengine - INFO - Iter(test) [2520/3000]    eta: 0:00:46  time: 0.0894  data_time: 0.0016  memory: 856  
2024/04/16 22:15:38 - mmengine - INFO - Iter(test) [2530/3000]    eta: 0:00:45  time: 0.0944  data_time: 0.0017  memory: 856  
2024/04/16 22:15:39 - mmengine - INFO - Iter(test) [2540/3000]    eta: 0:00:44  time: 0.0939  data_time: 0.0017  memory: 856  
2024/04/16 22:15:40 - mmengine - INFO - Iter(test) [2550/3000]    eta: 0:00:43  time: 0.0933  data_time: 0.0017  memory: 856  
2024/04/16 22:15:41 - mmengine - INFO - Iter(test) [2560/3000]    eta: 0:00:42  time: 0.1001  data_time: 0.0070  memory: 856  
2024/04/16 22:15:42 - mmengine - INFO - Iter(test) [2570/3000]    eta: 0:00:41  time: 0.0930  data_time: 0.0018  memory: 856  
2024/04/16 22:15:43 - mmengine - INFO - Iter(test) [2580/3000]    eta: 0:00:40  time: 0.0948  data_time: 0.0017  memory: 856  
2024/04/16 22:15:44 - mmengine - INFO - Iter(test) [2590/3000]    eta: 0:00:39  time: 0.0923  data_time: 0.0018  memory: 856  
2024/04/16 22:15:45 - mmengine - INFO - Iter(test) [2600/3000]    eta: 0:00:38  time: 0.0939  data_time: 0.0017  memory: 856  
2024/04/16 22:15:46 - mmengine - INFO - Iter(test) [2610/3000]    eta: 0:00:37  time: 0.1001  data_time: 0.0070  memory: 856  
2024/04/16 22:15:46 - mmengine - INFO - Iter(test) [2620/3000]    eta: 0:00:36  time: 0.0925  data_time: 0.0016  memory: 856  
2024/04/16 22:15:47 - mmengine - INFO - Iter(test) [2630/3000]    eta: 0:00:35  time: 0.0934  data_time: 0.0017  memory: 856  
2024/04/16 22:15:48 - mmengine - INFO - Iter(test) [2640/3000]    eta: 0:00:34  time: 0.0946  data_time: 0.0015  memory: 856  
2024/04/16 22:15:49 - mmengine - INFO - Iter(test) [2650/3000]    eta: 0:00:33  time: 0.0910  data_time: 0.0016  memory: 856  
2024/04/16 22:15:50 - mmengine - INFO - Iter(test) [2660/3000]    eta: 0:00:32  time: 0.1007  data_time: 0.0085  memory: 856  
2024/04/16 22:15:51 - mmengine - INFO - Iter(test) [2670/3000]    eta: 0:00:31  time: 0.0920  data_time: 0.0016  memory: 856  
2024/04/16 22:15:52 - mmengine - INFO - Iter(test) [2680/3000]    eta: 0:00:30  time: 0.0930  data_time: 0.0015  memory: 856  
2024/04/16 22:15:53 - mmengine - INFO - Iter(test) [2690/3000]    eta: 0:00:30  time: 0.0939  data_time: 0.0017  memory: 856  
2024/04/16 22:15:54 - mmengine - INFO - Iter(test) [2700/3000]    eta: 0:00:29  time: 0.0943  data_time: 0.0016  memory: 856  
2024/04/16 22:15:55 - mmengine - INFO - Iter(test) [2710/3000]    eta: 0:00:28  time: 0.0988  data_time: 0.0081  memory: 856  
2024/04/16 22:15:56 - mmengine - INFO - Iter(test) [2720/3000]    eta: 0:00:27  time: 0.0938  data_time: 0.0016  memory: 856  
2024/04/16 22:15:57 - mmengine - INFO - Iter(test) [2730/3000]    eta: 0:00:26  time: 0.0935  data_time: 0.0018  memory: 856  
2024/04/16 22:15:58 - mmengine - INFO - Iter(test) [2740/3000]    eta: 0:00:25  time: 0.0921  data_time: 0.0017  memory: 856  
2024/04/16 22:15:59 - mmengine - INFO - Iter(test) [2750/3000]    eta: 0:00:24  time: 0.0942  data_time: 0.0019  memory: 856  
2024/04/16 22:16:00 - mmengine - INFO - Iter(test) [2760/3000]    eta: 0:00:23  time: 0.1014  data_time: 0.0085  memory: 856  
2024/04/16 22:16:01 - mmengine - INFO - Iter(test) [2770/3000]    eta: 0:00:22  time: 0.0910  data_time: 0.0015  memory: 856  
2024/04/16 22:16:02 - mmengine - INFO - Iter(test) [2780/3000]    eta: 0:00:21  time: 0.0953  data_time: 0.0016  memory: 856  
2024/04/16 22:16:03 - mmengine - INFO - Iter(test) [2790/3000]    eta: 0:00:20  time: 0.0942  data_time: 0.0017  memory: 856  
2024/04/16 22:16:04 - mmengine - INFO - Iter(test) [2800/3000]    eta: 0:00:19  time: 0.0965  data_time: 0.0017  memory: 856  
2024/04/16 22:16:05 - mmengine - INFO - Iter(test) [2810/3000]    eta: 0:00:18  time: 0.0992  data_time: 0.0071  memory: 856  
2024/04/16 22:16:05 - mmengine - INFO - Iter(test) [2820/3000]    eta: 0:00:17  time: 0.0918  data_time: 0.0016  memory: 856  
2024/04/16 22:16:06 - mmengine - INFO - Iter(test) [2830/3000]    eta: 0:00:16  time: 0.0942  data_time: 0.0017  memory: 856  
2024/04/16 22:16:07 - mmengine - INFO - Iter(test) [2840/3000]    eta: 0:00:15  time: 0.0914  data_time: 0.0016  memory: 856  
2024/04/16 22:16:08 - mmengine - INFO - Iter(test) [2850/3000]    eta: 0:00:14  time: 0.0931  data_time: 0.0018  memory: 856  
2024/04/16 22:16:09 - mmengine - INFO - Iter(test) [2860/3000]    eta: 0:00:13  time: 0.1015  data_time: 0.0086  memory: 856  
2024/04/16 22:16:10 - mmengine - INFO - Iter(test) [2870/3000]    eta: 0:00:12  time: 0.0909  data_time: 0.0017  memory: 856  
2024/04/16 22:16:11 - mmengine - INFO - Iter(test) [2880/3000]    eta: 0:00:11  time: 0.0932  data_time: 0.0019  memory: 856  
2024/04/16 22:16:12 - mmengine - INFO - Iter(test) [2890/3000]    eta: 0:00:10  time: 0.0931  data_time: 0.0019  memory: 856  
2024/04/16 22:16:13 - mmengine - INFO - Iter(test) [2900/3000]    eta: 0:00:09  time: 0.0928  data_time: 0.0019  memory: 856  
2024/04/16 22:16:14 - mmengine - INFO - Iter(test) [2910/3000]    eta: 0:00:08  time: 0.1019  data_time: 0.0070  memory: 856  
2024/04/16 22:16:15 - mmengine - INFO - Iter(test) [2920/3000]    eta: 0:00:07  time: 0.0956  data_time: 0.0019  memory: 856  
2024/04/16 22:16:16 - mmengine - INFO - Iter(test) [2930/3000]    eta: 0:00:06  time: 0.0929  data_time: 0.0016  memory: 856  
2024/04/16 22:16:17 - mmengine - INFO - Iter(test) [2940/3000]    eta: 0:00:05  time: 0.0934  data_time: 0.0016  memory: 856  
2024/04/16 22:16:18 - mmengine - INFO - Iter(test) [2950/3000]    eta: 0:00:04  time: 0.0930  data_time: 0.0016  memory: 856  
2024/04/16 22:16:19 - mmengine - INFO - Iter(test) [2960/3000]    eta: 0:00:03  time: 0.0979  data_time: 0.0073  memory: 856  
2024/04/16 22:16:20 - mmengine - INFO - Iter(test) [2970/3000]    eta: 0:00:02  time: 0.0939  data_time: 0.0017  memory: 856  
2024/04/16 22:16:21 - mmengine - INFO - Iter(test) [2980/3000]    eta: 0:00:01  time: 0.0925  data_time: 0.0016  memory: 856  
2024/04/16 22:16:22 - mmengine - INFO - Iter(test) [2990/3000]    eta: 0:00:00  time: 0.0937  data_time: 0.0016  memory: 856  
2024/04/16 22:16:23 - mmengine - INFO - Iter(test) [3000/3000]    eta: 0:00:00  time: 0.0949  data_time: 0.0018  memory: 856  
2024/04/16 22:16:23 - mmengine - INFO - per class results:
2024/04/16 22:16:23 - mmengine - INFO - 
+------------+-------+-------+-------+--------+-----------+--------+
|   Class    |  IoU  |  Acc  |  Dice | Fscore | Precision | Recall |
+------------+-------+-------+-------+--------+-----------+--------+
| background | 99.25 |  99.6 | 99.62 | 99.62  |   99.64   |  99.6  |
|  building  | 94.51 | 97.32 | 97.18 | 97.18  |   97.03   | 97.32  |
+------------+-------+-------+-------+--------+-----------+--------+
2024/04/16 22:16:23 - mmengine - INFO - Iter(test) [3000/3000]    aAcc: 99.3300  mIoU: 96.8800  mAcc: 98.4600  mDice: 98.4000  mFscore: 98.4000  mPrecision: 98.3400  mRecall: 98.4600  data_time: 0.0032  time: 0.0966
